[ 2016-04-12T08:48:14+08:00 ] 127.0.0.1 /index.php?c=index&a=getCount
INFO: [ app_init ] --START--
INFO: Run Behavior\BuildLiteBehavior [ RunTime:0.000081s ]
INFO: [ app_init ] --END-- [ RunTime:0.003742s ]
INFO: [ app_begin ] --START--
INFO: Run Behavior\ReadHtmlCacheBehavior [ RunTime:0.000788s ]
INFO: [ app_begin ] --END-- [ RunTime:0.000849s ]
NOTIC: [2048] Declaration of Home\Controller\CommonController::error() should be compatible with Think\Controller::error($message = '', $jumpUrl = '', $ajax = false) /data/singcms/Application/Home/Controller/CommonController.class.php 第 24 行.
NOTIC: [2048] Declaration of Common\Model\NewsModel::find() should be compatible with Think\Model::find($options = Array) /data/singcms/Application/Common/Model/NewsModel.class.php 第 9 行.
SQL: SHOW COLUMNS FROM `cms_news` [ RunTime:0.0111s ]
SQL: SELECT * FROM `cms_news` WHERE `news_id` IN ('24','23','22','21')  [ RunTime:0.0035s ]

[ 2016-04-12T08:48:18+08:00 ] 127.0.0.1 /index.php?c=detail&id=24
INFO: [ app_init ] --START--
INFO: Run Behavior\BuildLiteBehavior [ RunTime:0.000009s ]
INFO: [ app_init ] --END-- [ RunTime:0.000188s ]
INFO: [ app_begin ] --START--
INFO: Run Behavior\ReadHtmlCacheBehavior [ RunTime:0.000227s ]
INFO: [ app_begin ] --END-- [ RunTime:0.000255s ]
NOTIC: [2048] Declaration of Home\Controller\CommonController::error() should be compatible with Think\Controller::error($message = '', $jumpUrl = '', $ajax = false) /data/singcms/Application/Home/Controller/CommonController.class.php 第 24 行.
NOTIC: [2048] Declaration of Common\Model\NewsModel::find() should be compatible with Think\Model::find($options = Array) /data/singcms/Application/Common/Model/NewsModel.class.php 第 9 行.
SQL: SHOW COLUMNS FROM `cms_news` [ RunTime:0.0046s ]
SQL: SELECT * FROM `cms_news` WHERE ( news_id=24 ) LIMIT 1   [ RunTime:0.0022s ]
SQL: UPDATE `cms_news` SET `count`='21' WHERE ( news_id=24 ) [ RunTime:0.0020s ]
NOTIC: [2048] Declaration of Common\Model\NewsContentModel::find() should be compatible with Think\Model::find($options = Array) /data/singcms/Application/Common/Model/NewsContentModel.class.php 第 46 行.
SQL: SHOW COLUMNS FROM `cms_news_content` [ RunTime:0.0091s ]
SQL: SELECT * FROM `cms_news_content` WHERE ( news_id=24 ) LIMIT 1   [ RunTime:0.0018s ]
NOTIC: [2048] Declaration of Common\Model\PositionContentModel::find() should be compatible with Think\Model::find($options = Array) /data/singcms/Application/Common/Model/PositionContentModel.class.php 第 89 行.
SQL: SHOW COLUMNS FROM `cms_position_content` [ RunTime:0.0024s ]
NOTIC: [8] Undefined index: title /data/singcms/Application/Common/Model/PositionContentModel.class.php 第 18 行.
SQL: SELECT * FROM `cms_position_content` WHERE `status` = 1 AND `position_id` = 5 ORDER BY listorder desc ,id desc LIMIT 2   [ RunTime:0.0014s ]
SQL: SELECT * FROM `cms_news` WHERE `status` = 1 ORDER BY count desc,news_id desc  LIMIT 10   [ RunTime:0.0003s ]
INFO: [ view_parse ] --START--
INFO: [ template_filter ] --START--
INFO: Run Behavior\ContentReplaceBehavior [ RunTime:0.000054s ]
INFO: [ template_filter ] --END-- [ RunTime:0.000094s ]
NOTIC: [2048] Declaration of Common\Model\BasicModel::save() should be compatible with Think\Model::save($data = '', $options = Array) /data/singcms/Application/Common/Model/BasicModel.class.php 第 30 行.
NOTIC: [2048] Declaration of Common\Model\BasicModel::select() should be compatible with Think\Model::select($options = Array) /data/singcms/Application/Common/Model/BasicModel.class.php 第 30 行.
NOTIC: [2048] Declaration of Common\Model\MenuModel::find() should be compatible with Think\Model::find($options = Array) /data/singcms/Application/Common/Model/MenuModel.class.php 第 92 行.
SQL: SHOW COLUMNS FROM `cms_menu` [ RunTime:0.0019s ]
SQL: SELECT * FROM `cms_menu` WHERE `status` = 1 AND `type` = 0 ORDER BY listorder desc,menu_id desc  [ RunTime:0.0014s ]
NOTIC: [8] Undefined index: name /data/singcms/Application/Runtime/Cache/Home/0d75cb75cd30b13fdd4834afd69acb19.php 第 59 行.
NOTIC: [8] Undefined index: name /data/singcms/Application/Runtime/Cache/Home/0d75cb75cd30b13fdd4834afd69acb19.php 第 59 行.
INFO: Run Behavior\ParseTemplateBehavior [ RunTime:0.042303s ]
INFO: [ view_parse ] --END-- [ RunTime:0.042376s ]
INFO: [ view_filter ] --START--
INFO: Run Behavior\WriteHtmlCacheBehavior [ RunTime:0.006295s ]
INFO: [ view_filter ] --END-- [ RunTime:0.006337s ]
INFO: [ app_end ] --START--
INFO: Run Behavior\ShowPageTraceBehavior [ RunTime:0.006566s ]
INFO: [ app_end ] --END-- [ RunTime:0.006640s ]

[ 2016-04-12T08:48:23+08:00 ] 127.0.0.1 /index.php?c=detail&id=23
INFO: [ app_init ] --START--
INFO: Run Behavior\BuildLiteBehavior [ RunTime:0.000023s ]
INFO: [ app_init ] --END-- [ RunTime:0.000353s ]
INFO: [ app_begin ] --START--
INFO: Run Behavior\ReadHtmlCacheBehavior [ RunTime:0.000960s ]
INFO: [ app_begin ] --END-- [ RunTime:0.001086s ]
NOTIC: [2048] Declaration of Home\Controller\CommonController::error() should be compatible with Think\Controller::error($message = '', $jumpUrl = '', $ajax = false) /data/singcms/Application/Home/Controller/CommonController.class.php 第 24 行.
NOTIC: [2048] Declaration of Common\Model\NewsModel::find() should be compatible with Think\Model::find($options = Array) /data/singcms/Application/Common/Model/NewsModel.class.php 第 9 行.
SQL: SHOW COLUMNS FROM `cms_news` [ RunTime:0.0030s ]
SQL: SELECT * FROM `cms_news` WHERE ( news_id=23 ) LIMIT 1   [ RunTime:0.0006s ]
SQL: UPDATE `cms_news` SET `count`='20' WHERE ( news_id=23 ) [ RunTime:0.0002s ]
NOTIC: [2048] Declaration of Common\Model\NewsContentModel::find() should be compatible with Think\Model::find($options = Array) /data/singcms/Application/Common/Model/NewsContentModel.class.php 第 46 行.
SQL: SHOW COLUMNS FROM `cms_news_content` [ RunTime:0.0034s ]
SQL: SELECT * FROM `cms_news_content` WHERE ( news_id=23 ) LIMIT 1   [ RunTime:0.0014s ]
NOTIC: [2048] Declaration of Common\Model\PositionContentModel::find() should be compatible with Think\Model::find($options = Array) /data/singcms/Application/Common/Model/PositionContentModel.class.php 第 89 行.
SQL: SHOW COLUMNS FROM `cms_position_content` [ RunTime:0.0029s ]
NOTIC: [8] Undefined index: title /data/singcms/Application/Common/Model/PositionContentModel.class.php 第 18 行.
SQL: SELECT * FROM `cms_position_content` WHERE `status` = 1 AND `position_id` = 5 ORDER BY listorder desc ,id desc LIMIT 2   [ RunTime:0.0004s ]
SQL: SELECT * FROM `cms_news` WHERE `status` = 1 ORDER BY count desc,news_id desc  LIMIT 10   [ RunTime:0.0017s ]
INFO: [ view_parse ] --START--
INFO: [ template_filter ] --START--
INFO: Run Behavior\ContentReplaceBehavior [ RunTime:0.000041s ]
INFO: [ template_filter ] --END-- [ RunTime:0.000085s ]
NOTIC: [2048] Declaration of Common\Model\BasicModel::save() should be compatible with Think\Model::save($data = '', $options = Array) /data/singcms/Application/Common/Model/BasicModel.class.php 第 30 行.
NOTIC: [2048] Declaration of Common\Model\BasicModel::select() should be compatible with Think\Model::select($options = Array) /data/singcms/Application/Common/Model/BasicModel.class.php 第 30 行.
NOTIC: [2048] Declaration of Common\Model\MenuModel::find() should be compatible with Think\Model::find($options = Array) /data/singcms/Application/Common/Model/MenuModel.class.php 第 92 行.
SQL: SHOW COLUMNS FROM `cms_menu` [ RunTime:0.0019s ]
SQL: SELECT * FROM `cms_menu` WHERE `status` = 1 AND `type` = 0 ORDER BY listorder desc,menu_id desc  [ RunTime:0.0005s ]
NOTIC: [8] Undefined index: name /data/singcms/Application/Runtime/Cache/Home/0d75cb75cd30b13fdd4834afd69acb19.php 第 59 行.
NOTIC: [8] Undefined index: name /data/singcms/Application/Runtime/Cache/Home/0d75cb75cd30b13fdd4834afd69acb19.php 第 59 行.
INFO: Run Behavior\ParseTemplateBehavior [ RunTime:0.015613s ]
INFO: [ view_parse ] --END-- [ RunTime:0.015645s ]
INFO: [ view_filter ] --START--
INFO: Run Behavior\WriteHtmlCacheBehavior [ RunTime:0.000153s ]
INFO: [ view_filter ] --END-- [ RunTime:0.000177s ]
INFO: [ app_end ] --START--
INFO: Run Behavior\ShowPageTraceBehavior [ RunTime:0.000310s ]
INFO: [ app_end ] --END-- [ RunTime:0.000346s ]

[ 2016-04-12T08:48:34+08:00 ] 127.0.0.1 /index.php?c=detail&id=21
INFO: [ app_init ] --START--
INFO: Run Behavior\BuildLiteBehavior [ RunTime:0.000016s ]
INFO: [ app_init ] --END-- [ RunTime:0.000321s ]
INFO: [ app_begin ] --START--
INFO: Run Behavior\ReadHtmlCacheBehavior [ RunTime:0.000543s ]
INFO: [ app_begin ] --END-- [ RunTime:0.000600s ]
NOTIC: [2048] Declaration of Home\Controller\CommonController::error() should be compatible with Think\Controller::error($message = '', $jumpUrl = '', $ajax = false) /data/singcms/Application/Home/Controller/CommonController.class.php 第 24 行.
NOTIC: [2048] Declaration of Common\Model\NewsModel::find() should be compatible with Think\Model::find($options = Array) /data/singcms/Application/Common/Model/NewsModel.class.php 第 9 行.
SQL: SHOW COLUMNS FROM `cms_news` [ RunTime:0.0026s ]
SQL: SELECT * FROM `cms_news` WHERE ( news_id=21 ) LIMIT 1   [ RunTime:0.0003s ]
SQL: UPDATE `cms_news` SET `count`='60' WHERE ( news_id=21 ) [ RunTime:0.0003s ]
NOTIC: [2048] Declaration of Common\Model\NewsContentModel::find() should be compatible with Think\Model::find($options = Array) /data/singcms/Application/Common/Model/NewsContentModel.class.php 第 46 行.
SQL: SHOW COLUMNS FROM `cms_news_content` [ RunTime:0.0030s ]
SQL: SELECT * FROM `cms_news_content` WHERE ( news_id=21 ) LIMIT 1   [ RunTime:0.0003s ]
NOTIC: [2048] Declaration of Common\Model\PositionContentModel::find() should be compatible with Think\Model::find($options = Array) /data/singcms/Application/Common/Model/PositionContentModel.class.php 第 89 行.
SQL: SHOW COLUMNS FROM `cms_position_content` [ RunTime:0.0045s ]
NOTIC: [8] Undefined index: title /data/singcms/Application/Common/Model/PositionContentModel.class.php 第 18 行.
SQL: SELECT * FROM `cms_position_content` WHERE `status` = 1 AND `position_id` = 5 ORDER BY listorder desc ,id desc LIMIT 2   [ RunTime:0.0009s ]
SQL: SELECT * FROM `cms_news` WHERE `status` = 1 ORDER BY count desc,news_id desc  LIMIT 10   [ RunTime:0.0004s ]
INFO: [ view_parse ] --START--
INFO: [ template_filter ] --START--
INFO: Run Behavior\ContentReplaceBehavior [ RunTime:0.000039s ]
INFO: [ template_filter ] --END-- [ RunTime:0.000099s ]
NOTIC: [2048] Declaration of Common\Model\BasicModel::save() should be compatible with Think\Model::save($data = '', $options = Array) /data/singcms/Application/Common/Model/BasicModel.class.php 第 30 行.
NOTIC: [2048] Declaration of Common\Model\BasicModel::select() should be compatible with Think\Model::select($options = Array) /data/singcms/Application/Common/Model/BasicModel.class.php 第 30 行.
NOTIC: [2048] Declaration of Common\Model\MenuModel::find() should be compatible with Think\Model::find($options = Array) /data/singcms/Application/Common/Model/MenuModel.class.php 第 92 行.
SQL: SHOW COLUMNS FROM `cms_menu` [ RunTime:0.0036s ]
SQL: SELECT * FROM `cms_menu` WHERE `status` = 1 AND `type` = 0 ORDER BY listorder desc,menu_id desc  [ RunTime:0.0005s ]
NOTIC: [8] Undefined index: name /data/singcms/Application/Runtime/Cache/Home/0d75cb75cd30b13fdd4834afd69acb19.php 第 59 行.
NOTIC: [8] Undefined index: name /data/singcms/Application/Runtime/Cache/Home/0d75cb75cd30b13fdd4834afd69acb19.php 第 59 行.
INFO: Run Behavior\ParseTemplateBehavior [ RunTime:0.025512s ]
INFO: [ view_parse ] --END-- [ RunTime:0.025554s ]
INFO: [ view_filter ] --START--
INFO: Run Behavior\WriteHtmlCacheBehavior [ RunTime:0.000168s ]
INFO: [ view_filter ] --END-- [ RunTime:0.000195s ]
INFO: [ app_end ] --START--
INFO: Run Behavior\ShowPageTraceBehavior [ RunTime:0.000484s ]
INFO: [ app_end ] --END-- [ RunTime:0.000570s ]

[ 2016-04-12T08:48:41+08:00 ] 127.0.0.1 /index.php?c=detail&id=23
INFO: [ app_init ] --START--
INFO: Run Behavior\BuildLiteBehavior [ RunTime:0.000017s ]
INFO: [ app_init ] --END-- [ RunTime:0.000326s ]
INFO: [ app_begin ] --START--
INFO: Run Behavior\ReadHtmlCacheBehavior [ RunTime:0.000592s ]
INFO: [ app_begin ] --END-- [ RunTime:0.000681s ]
NOTIC: [2048] Declaration of Home\Controller\CommonController::error() should be compatible with Think\Controller::error($message = '', $jumpUrl = '', $ajax = false) /data/singcms/Application/Home/Controller/CommonController.class.php 第 24 行.
NOTIC: [2048] Declaration of Common\Model\NewsModel::find() should be compatible with Think\Model::find($options = Array) /data/singcms/Application/Common/Model/NewsModel.class.php 第 9 行.
SQL: SHOW COLUMNS FROM `cms_news` [ RunTime:0.0022s ]
SQL: SELECT * FROM `cms_news` WHERE ( news_id=23 ) LIMIT 1   [ RunTime:0.0003s ]
SQL: UPDATE `cms_news` SET `count`='21' WHERE ( news_id=23 ) [ RunTime:0.0002s ]
NOTIC: [2048] Declaration of Common\Model\NewsContentModel::find() should be compatible with Think\Model::find($options = Array) /data/singcms/Application/Common/Model/NewsContentModel.class.php 第 46 行.
SQL: SHOW COLUMNS FROM `cms_news_content` [ RunTime:0.0018s ]
SQL: SELECT * FROM `cms_news_content` WHERE ( news_id=23 ) LIMIT 1   [ RunTime:0.0003s ]
NOTIC: [2048] Declaration of Common\Model\PositionContentModel::find() should be compatible with Think\Model::find($options = Array) /data/singcms/Application/Common/Model/PositionContentModel.class.php 第 89 行.
SQL: SHOW COLUMNS FROM `cms_position_content` [ RunTime:0.0021s ]
NOTIC: [8] Undefined index: title /data/singcms/Application/Common/Model/PositionContentModel.class.php 第 18 行.
SQL: SELECT * FROM `cms_position_content` WHERE `status` = 1 AND `position_id` = 5 ORDER BY listorder desc ,id desc LIMIT 2   [ RunTime:0.0003s ]
SQL: SELECT * FROM `cms_news` WHERE `status` = 1 ORDER BY count desc,news_id desc  LIMIT 10   [ RunTime:0.0003s ]
INFO: [ view_parse ] --START--
INFO: [ template_filter ] --START--
INFO: Run Behavior\ContentReplaceBehavior [ RunTime:0.000040s ]
INFO: [ template_filter ] --END-- [ RunTime:0.000091s ]
NOTIC: [2048] Declaration of Common\Model\BasicModel::save() should be compatible with Think\Model::save($data = '', $options = Array) /data/singcms/Application/Common/Model/BasicModel.class.php 第 30 行.
NOTIC: [2048] Declaration of Common\Model\BasicModel::select() should be compatible with Think\Model::select($options = Array) /data/singcms/Application/Common/Model/BasicModel.class.php 第 30 行.
NOTIC: [2048] Declaration of Common\Model\MenuModel::find() should be compatible with Think\Model::find($options = Array) /data/singcms/Application/Common/Model/MenuModel.class.php 第 92 行.
SQL: SHOW COLUMNS FROM `cms_menu` [ RunTime:0.0020s ]
SQL: SELECT * FROM `cms_menu` WHERE `status` = 1 AND `type` = 0 ORDER BY listorder desc,menu_id desc  [ RunTime:0.0003s ]
NOTIC: [8] Undefined index: name /data/singcms/Application/Runtime/Cache/Home/0d75cb75cd30b13fdd4834afd69acb19.php 第 59 行.
NOTIC: [8] Undefined index: name /data/singcms/Application/Runtime/Cache/Home/0d75cb75cd30b13fdd4834afd69acb19.php 第 59 行.
INFO: Run Behavior\ParseTemplateBehavior [ RunTime:0.017427s ]
INFO: [ view_parse ] --END-- [ RunTime:0.017470s ]
INFO: [ view_filter ] --START--
INFO: Run Behavior\WriteHtmlCacheBehavior [ RunTime:0.000160s ]
INFO: [ view_filter ] --END-- [ RunTime:0.000187s ]
INFO: [ app_end ] --START--
INFO: Run Behavior\ShowPageTraceBehavior [ RunTime:0.000840s ]
INFO: [ app_end ] --END-- [ RunTime:0.000896s ]

[ 2016-04-12T08:48:45+08:00 ] 127.0.0.1 /index.php?c=detail&id=24
INFO: [ app_init ] --START--
INFO: Run Behavior\BuildLiteBehavior [ RunTime:0.000007s ]
INFO: [ app_init ] --END-- [ RunTime:0.000168s ]
INFO: [ app_begin ] --START--
INFO: Run Behavior\ReadHtmlCacheBehavior [ RunTime:0.000210s ]
INFO: [ app_begin ] --END-- [ RunTime:0.000234s ]
NOTIC: [2048] Declaration of Home\Controller\CommonController::error() should be compatible with Think\Controller::error($message = '', $jumpUrl = '', $ajax = false) /data/singcms/Application/Home/Controller/CommonController.class.php 第 24 行.
NOTIC: [2048] Declaration of Common\Model\NewsModel::find() should be compatible with Think\Model::find($options = Array) /data/singcms/Application/Common/Model/NewsModel.class.php 第 9 行.
SQL: SHOW COLUMNS FROM `cms_news` [ RunTime:0.0035s ]
SQL: SELECT * FROM `cms_news` WHERE ( news_id=24 ) LIMIT 1   [ RunTime:0.0007s ]
SQL: UPDATE `cms_news` SET `count`='22' WHERE ( news_id=24 ) [ RunTime:0.0003s ]
NOTIC: [2048] Declaration of Common\Model\NewsContentModel::find() should be compatible with Think\Model::find($options = Array) /data/singcms/Application/Common/Model/NewsContentModel.class.php 第 46 行.
SQL: SHOW COLUMNS FROM `cms_news_content` [ RunTime:0.0024s ]
SQL: SELECT * FROM `cms_news_content` WHERE ( news_id=24 ) LIMIT 1   [ RunTime:0.0003s ]
NOTIC: [2048] Declaration of Common\Model\PositionContentModel::find() should be compatible with Think\Model::find($options = Array) /data/singcms/Application/Common/Model/PositionContentModel.class.php 第 89 行.
SQL: SHOW COLUMNS FROM `cms_position_content` [ RunTime:0.0028s ]
NOTIC: [8] Undefined index: title /data/singcms/Application/Common/Model/PositionContentModel.class.php 第 18 行.
SQL: SELECT * FROM `cms_position_content` WHERE `status` = 1 AND `position_id` = 5 ORDER BY listorder desc ,id desc LIMIT 2   [ RunTime:0.0004s ]
SQL: SELECT * FROM `cms_news` WHERE `status` = 1 ORDER BY count desc,news_id desc  LIMIT 10   [ RunTime:0.0004s ]
INFO: [ view_parse ] --START--
INFO: [ template_filter ] --START--
INFO: Run Behavior\ContentReplaceBehavior [ RunTime:0.000027s ]
INFO: [ template_filter ] --END-- [ RunTime:0.000062s ]
NOTIC: [2048] Declaration of Common\Model\BasicModel::save() should be compatible with Think\Model::save($data = '', $options = Array) /data/singcms/Application/Common/Model/BasicModel.class.php 第 30 行.
NOTIC: [2048] Declaration of Common\Model\BasicModel::select() should be compatible with Think\Model::select($options = Array) /data/singcms/Application/Common/Model/BasicModel.class.php 第 30 行.
NOTIC: [2048] Declaration of Common\Model\MenuModel::find() should be compatible with Think\Model::find($options = Array) /data/singcms/Application/Common/Model/MenuModel.class.php 第 92 行.
SQL: SHOW COLUMNS FROM `cms_menu` [ RunTime:0.0022s ]
SQL: SELECT * FROM `cms_menu` WHERE `status` = 1 AND `type` = 0 ORDER BY listorder desc,menu_id desc  [ RunTime:0.0003s ]
NOTIC: [8] Undefined index: name /data/singcms/Application/Runtime/Cache/Home/0d75cb75cd30b13fdd4834afd69acb19.php 第 59 行.
NOTIC: [8] Undefined index: name /data/singcms/Application/Runtime/Cache/Home/0d75cb75cd30b13fdd4834afd69acb19.php 第 59 行.
INFO: Run Behavior\ParseTemplateBehavior [ RunTime:0.017928s ]
INFO: [ view_parse ] --END-- [ RunTime:0.017975s ]
INFO: [ view_filter ] --START--
INFO: Run Behavior\WriteHtmlCacheBehavior [ RunTime:0.000306s ]
INFO: [ view_filter ] --END-- [ RunTime:0.000360s ]
INFO: [ app_end ] --START--
INFO: Run Behavior\ShowPageTraceBehavior [ RunTime:0.000544s ]
INFO: [ app_end ] --END-- [ RunTime:0.000617s ]

[ 2016-04-12T08:48:59+08:00 ] 127.0.0.1 /index.php?c=detail&id=22
INFO: [ app_init ] --START--
INFO: Run Behavior\BuildLiteBehavior [ RunTime:0.000020s ]
INFO: [ app_init ] --END-- [ RunTime:0.000415s ]
INFO: [ app_begin ] --START--
INFO: Run Behavior\ReadHtmlCacheBehavior [ RunTime:0.000370s ]
INFO: [ app_begin ] --END-- [ RunTime:0.000457s ]
NOTIC: [2048] Declaration of Home\Controller\CommonController::error() should be compatible with Think\Controller::error($message = '', $jumpUrl = '', $ajax = false) /data/singcms/Application/Home/Controller/CommonController.class.php 第 24 行.
NOTIC: [2048] Declaration of Common\Model\NewsModel::find() should be compatible with Think\Model::find($options = Array) /data/singcms/Application/Common/Model/NewsModel.class.php 第 9 行.
SQL: SHOW COLUMNS FROM `cms_news` [ RunTime:0.0021s ]
SQL: SELECT * FROM `cms_news` WHERE ( news_id=22 ) LIMIT 1   [ RunTime:0.0003s ]
SQL: UPDATE `cms_news` SET `count`='32' WHERE ( news_id=22 ) [ RunTime:0.0003s ]
NOTIC: [2048] Declaration of Common\Model\NewsContentModel::find() should be compatible with Think\Model::find($options = Array) /data/singcms/Application/Common/Model/NewsContentModel.class.php 第 46 行.
SQL: SHOW COLUMNS FROM `cms_news_content` [ RunTime:0.0036s ]
SQL: SELECT * FROM `cms_news_content` WHERE ( news_id=22 ) LIMIT 1   [ RunTime:0.0004s ]
NOTIC: [2048] Declaration of Common\Model\PositionContentModel::find() should be compatible with Think\Model::find($options = Array) /data/singcms/Application/Common/Model/PositionContentModel.class.php 第 89 行.
SQL: SHOW COLUMNS FROM `cms_position_content` [ RunTime:0.0034s ]
NOTIC: [8] Undefined index: title /data/singcms/Application/Common/Model/PositionContentModel.class.php 第 18 行.
SQL: SELECT * FROM `cms_position_content` WHERE `status` = 1 AND `position_id` = 5 ORDER BY listorder desc ,id desc LIMIT 2   [ RunTime:0.0003s ]
SQL: SELECT * FROM `cms_news` WHERE `status` = 1 ORDER BY count desc,news_id desc  LIMIT 10   [ RunTime:0.0003s ]
INFO: [ view_parse ] --START--
INFO: [ template_filter ] --START--
INFO: Run Behavior\ContentReplaceBehavior [ RunTime:0.000037s ]
INFO: [ template_filter ] --END-- [ RunTime:0.000090s ]
NOTIC: [2048] Declaration of Common\Model\BasicModel::save() should be compatible with Think\Model::save($data = '', $options = Array) /data/singcms/Application/Common/Model/BasicModel.class.php 第 30 行.
NOTIC: [2048] Declaration of Common\Model\BasicModel::select() should be compatible with Think\Model::select($options = Array) /data/singcms/Application/Common/Model/BasicModel.class.php 第 30 行.
NOTIC: [2048] Declaration of Common\Model\MenuModel::find() should be compatible with Think\Model::find($options = Array) /data/singcms/Application/Common/Model/MenuModel.class.php 第 92 行.
SQL: SHOW COLUMNS FROM `cms_menu` [ RunTime:0.0033s ]
SQL: SELECT * FROM `cms_menu` WHERE `status` = 1 AND `type` = 0 ORDER BY listorder desc,menu_id desc  [ RunTime:0.0003s ]
NOTIC: [8] Undefined index: name /data/singcms/Application/Runtime/Cache/Home/0d75cb75cd30b13fdd4834afd69acb19.php 第 59 行.
NOTIC: [8] Undefined index: name /data/singcms/Application/Runtime/Cache/Home/0d75cb75cd30b13fdd4834afd69acb19.php 第 59 行.
INFO: Run Behavior\ParseTemplateBehavior [ RunTime:0.019277s ]
INFO: [ view_parse ] --END-- [ RunTime:0.019352s ]
INFO: [ view_filter ] --START--
INFO: Run Behavior\WriteHtmlCacheBehavior [ RunTime:0.000162s ]
INFO: [ view_filter ] --END-- [ RunTime:0.000186s ]
INFO: [ app_end ] --START--
INFO: Run Behavior\ShowPageTraceBehavior [ RunTime:0.000335s ]
INFO: [ app_end ] --END-- [ RunTime:0.000360s ]

[ 2016-04-12T08:49:18+08:00 ] 127.0.0.1 /index.php?c=index&a=getCount
INFO: [ app_init ] --START--
INFO: Run Behavior\BuildLiteBehavior [ RunTime:0.000051s ]
INFO: [ app_init ] --END-- [ RunTime:0.000960s ]
INFO: [ app_begin ] --START--
INFO: Run Behavior\ReadHtmlCacheBehavior [ RunTime:0.000734s ]
INFO: [ app_begin ] --END-- [ RunTime:0.000856s ]
NOTIC: [2048] Declaration of Home\Controller\CommonController::error() should be compatible with Think\Controller::error($message = '', $jumpUrl = '', $ajax = false) /data/singcms/Application/Home/Controller/CommonController.class.php 第 24 行.
NOTIC: [2048] Declaration of Common\Model\NewsModel::find() should be compatible with Think\Model::find($options = Array) /data/singcms/Application/Common/Model/NewsModel.class.php 第 9 行.
SQL: SHOW COLUMNS FROM `cms_news` [ RunTime:0.0026s ]
SQL: SELECT * FROM `cms_news` WHERE `news_id` IN ('24','23','22','21')  [ RunTime:0.0003s ]

[ 2016-04-12T08:50:03+08:00 ] 127.0.0.1 /index.php?c=detail&id=24
INFO: [ app_init ] --START--
INFO: Run Behavior\BuildLiteBehavior [ RunTime:0.000007s ]
INFO: [ app_init ] --END-- [ RunTime:0.000172s ]
INFO: [ app_begin ] --START--
INFO: Run Behavior\ReadHtmlCacheBehavior [ RunTime:0.000219s ]
INFO: [ app_begin ] --END-- [ RunTime:0.000246s ]
NOTIC: [2048] Declaration of Home\Controller\CommonController::error() should be compatible with Think\Controller::error($message = '', $jumpUrl = '', $ajax = false) /data/singcms/Application/Home/Controller/CommonController.class.php 第 24 行.
NOTIC: [2048] Declaration of Common\Model\NewsModel::find() should be compatible with Think\Model::find($options = Array) /data/singcms/Application/Common/Model/NewsModel.class.php 第 9 行.
SQL: SHOW COLUMNS FROM `cms_news` [ RunTime:0.0020s ]
SQL: SELECT * FROM `cms_news` WHERE ( news_id=24 ) LIMIT 1   [ RunTime:0.0003s ]
SQL: UPDATE `cms_news` SET `count`='23' WHERE ( news_id=24 ) [ RunTime:0.0002s ]
NOTIC: [2048] Declaration of Common\Model\NewsContentModel::find() should be compatible with Think\Model::find($options = Array) /data/singcms/Application/Common/Model/NewsContentModel.class.php 第 46 行.
SQL: SHOW COLUMNS FROM `cms_news_content` [ RunTime:0.0019s ]
SQL: SELECT * FROM `cms_news_content` WHERE ( news_id=24 ) LIMIT 1   [ RunTime:0.0003s ]
NOTIC: [2048] Declaration of Common\Model\PositionContentModel::find() should be compatible with Think\Model::find($options = Array) /data/singcms/Application/Common/Model/PositionContentModel.class.php 第 89 行.
SQL: SHOW COLUMNS FROM `cms_position_content` [ RunTime:0.0033s ]
NOTIC: [8] Undefined index: title /data/singcms/Application/Common/Model/PositionContentModel.class.php 第 18 行.
SQL: SELECT * FROM `cms_position_content` WHERE `status` = 1 AND `position_id` = 5 ORDER BY listorder desc ,id desc LIMIT 2   [ RunTime:0.0005s ]
SQL: SELECT * FROM `cms_news` WHERE `status` = 1 ORDER BY count desc,news_id desc  LIMIT 10   [ RunTime:0.0006s ]
INFO: [ view_parse ] --START--
INFO: [ template_filter ] --START--
INFO: Run Behavior\ContentReplaceBehavior [ RunTime:0.000038s ]
INFO: [ template_filter ] --END-- [ RunTime:0.000085s ]
NOTIC: [2048] Declaration of Common\Model\BasicModel::save() should be compatible with Think\Model::save($data = '', $options = Array) /data/singcms/Application/Common/Model/BasicModel.class.php 第 30 行.
NOTIC: [2048] Declaration of Common\Model\BasicModel::select() should be compatible with Think\Model::select($options = Array) /data/singcms/Application/Common/Model/BasicModel.class.php 第 30 行.
NOTIC: [2048] Declaration of Common\Model\MenuModel::find() should be compatible with Think\Model::find($options = Array) /data/singcms/Application/Common/Model/MenuModel.class.php 第 92 行.
SQL: SHOW COLUMNS FROM `cms_menu` [ RunTime:0.0020s ]
SQL: SELECT * FROM `cms_menu` WHERE `status` = 1 AND `type` = 0 ORDER BY listorder desc,menu_id desc  [ RunTime:0.0003s ]
NOTIC: [8] Undefined index: name /data/singcms/Application/Runtime/Cache/Home/0d75cb75cd30b13fdd4834afd69acb19.php 第 59 行.
NOTIC: [8] Undefined index: name /data/singcms/Application/Runtime/Cache/Home/0d75cb75cd30b13fdd4834afd69acb19.php 第 59 行.
INFO: Run Behavior\ParseTemplateBehavior [ RunTime:0.017316s ]
INFO: [ view_parse ] --END-- [ RunTime:0.017355s ]
INFO: [ view_filter ] --START--
INFO: Run Behavior\WriteHtmlCacheBehavior [ RunTime:0.000200s ]
INFO: [ view_filter ] --END-- [ RunTime:0.000240s ]
INFO: [ app_end ] --START--
INFO: Run Behavior\ShowPageTraceBehavior [ RunTime:0.000400s ]
INFO: [ app_end ] --END-- [ RunTime:0.000447s ]

[ 2016-04-12T08:58:31+08:00 ] 127.0.0.1 /index.php?c=detail&id=24
INFO: [ app_init ] --START--
INFO: Run Behavior\BuildLiteBehavior [ RunTime:0.000008s ]
INFO: [ app_init ] --END-- [ RunTime:0.000188s ]
INFO: [ app_begin ] --START--
INFO: Run Behavior\ReadHtmlCacheBehavior [ RunTime:0.000236s ]
INFO: [ app_begin ] --END-- [ RunTime:0.000263s ]
NOTIC: [2048] Declaration of Home\Controller\CommonController::error() should be compatible with Think\Controller::error($message = '', $jumpUrl = '', $ajax = false) /data/singcms/Application/Home/Controller/CommonController.class.php 第 24 行.
NOTIC: [2048] Declaration of Common\Model\NewsModel::find() should be compatible with Think\Model::find($options = Array) /data/singcms/Application/Common/Model/NewsModel.class.php 第 9 行.
SQL: SHOW COLUMNS FROM `cms_news` [ RunTime:0.0026s ]
SQL: SELECT * FROM `cms_news` WHERE ( news_id=24 ) LIMIT 1   [ RunTime:0.0003s ]
SQL: UPDATE `cms_news` SET `count`='24' WHERE ( news_id=24 ) [ RunTime:0.0003s ]
NOTIC: [2048] Declaration of Common\Model\NewsContentModel::find() should be compatible with Think\Model::find($options = Array) /data/singcms/Application/Common/Model/NewsContentModel.class.php 第 46 行.
SQL: SHOW COLUMNS FROM `cms_news_content` [ RunTime:0.0038s ]
SQL: SELECT * FROM `cms_news_content` WHERE ( news_id=24 ) LIMIT 1   [ RunTime:0.0003s ]
NOTIC: [2048] Declaration of Common\Model\PositionContentModel::find() should be compatible with Think\Model::find($options = Array) /data/singcms/Application/Common/Model/PositionContentModel.class.php 第 89 行.
SQL: SHOW COLUMNS FROM `cms_position_content` [ RunTime:0.0022s ]
NOTIC: [8] Undefined index: title /data/singcms/Application/Common/Model/PositionContentModel.class.php 第 18 行.
SQL: SELECT * FROM `cms_position_content` WHERE `status` = 1 AND `position_id` = 5 ORDER BY listorder desc ,id desc LIMIT 2   [ RunTime:0.0021s ]
SQL: SELECT * FROM `cms_news` WHERE `status` = 1 ORDER BY count desc,news_id desc  LIMIT 10   [ RunTime:0.0009s ]
INFO: [ view_parse ] --START--
INFO: [ template_filter ] --START--
INFO: Run Behavior\ContentReplaceBehavior [ RunTime:0.000028s ]
INFO: [ template_filter ] --END-- [ RunTime:0.000065s ]
NOTIC: [2048] Declaration of Common\Model\BasicModel::save() should be compatible with Think\Model::save($data = '', $options = Array) /data/singcms/Application/Common/Model/BasicModel.class.php 第 30 行.
NOTIC: [2048] Declaration of Common\Model\BasicModel::select() should be compatible with Think\Model::select($options = Array) /data/singcms/Application/Common/Model/BasicModel.class.php 第 30 行.
NOTIC: [2048] Declaration of Common\Model\MenuModel::find() should be compatible with Think\Model::find($options = Array) /data/singcms/Application/Common/Model/MenuModel.class.php 第 92 行.
SQL: SHOW COLUMNS FROM `cms_menu` [ RunTime:0.0036s ]
SQL: SELECT * FROM `cms_menu` WHERE `status` = 1 AND `type` = 0 ORDER BY listorder desc,menu_id desc  [ RunTime:0.0005s ]
NOTIC: [8] Undefined index: name /data/singcms/Application/Runtime/Cache/Home/0d75cb75cd30b13fdd4834afd69acb19.php 第 59 行.
NOTIC: [8] Undefined index: name /data/singcms/Application/Runtime/Cache/Home/0d75cb75cd30b13fdd4834afd69acb19.php 第 59 行.
INFO: Run Behavior\ParseTemplateBehavior [ RunTime:0.017285s ]
INFO: [ view_parse ] --END-- [ RunTime:0.017343s ]
INFO: [ view_filter ] --START--
INFO: Run Behavior\WriteHtmlCacheBehavior [ RunTime:0.000307s ]
INFO: [ view_filter ] --END-- [ RunTime:0.000377s ]
INFO: [ app_end ] --START--
INFO: Run Behavior\ShowPageTraceBehavior [ RunTime:0.000992s ]
INFO: [ app_end ] --END-- [ RunTime:0.001194s ]

[ 2016-04-12T08:58:34+08:00 ] 127.0.0.1 /index.php?c=detail&id=24sss
INFO: [ app_init ] --START--
INFO: Run Behavior\BuildLiteBehavior [ RunTime:0.000014s ]
INFO: [ app_init ] --END-- [ RunTime:0.000221s ]
INFO: [ app_begin ] --START--
INFO: Run Behavior\ReadHtmlCacheBehavior [ RunTime:0.000234s ]
INFO: [ app_begin ] --END-- [ RunTime:0.000262s ]
NOTIC: [2048] Declaration of Home\Controller\CommonController::error() should be compatible with Think\Controller::error($message = '', $jumpUrl = '', $ajax = false) /data/singcms/Application/Home/Controller/CommonController.class.php 第 24 行.
NOTIC: [2048] Declaration of Common\Model\NewsModel::find() should be compatible with Think\Model::find($options = Array) /data/singcms/Application/Common/Model/NewsModel.class.php 第 9 行.
SQL: SHOW COLUMNS FROM `cms_news` [ RunTime:0.0022s ]
SQL: SELECT * FROM `cms_news` WHERE ( news_id=24 ) LIMIT 1   [ RunTime:0.0003s ]
SQL: UPDATE `cms_news` SET `count`='25' WHERE ( news_id=24 ) [ RunTime:0.0002s ]
NOTIC: [2048] Declaration of Common\Model\NewsContentModel::find() should be compatible with Think\Model::find($options = Array) /data/singcms/Application/Common/Model/NewsContentModel.class.php 第 46 行.
SQL: SHOW COLUMNS FROM `cms_news_content` [ RunTime:0.0021s ]
SQL: SELECT * FROM `cms_news_content` WHERE ( news_id=24 ) LIMIT 1   [ RunTime:0.0003s ]
NOTIC: [2048] Declaration of Common\Model\PositionContentModel::find() should be compatible with Think\Model::find($options = Array) /data/singcms/Application/Common/Model/PositionContentModel.class.php 第 89 行.
SQL: SHOW COLUMNS FROM `cms_position_content` [ RunTime:0.0035s ]
NOTIC: [8] Undefined index: title /data/singcms/Application/Common/Model/PositionContentModel.class.php 第 18 行.
SQL: SELECT * FROM `cms_position_content` WHERE `status` = 1 AND `position_id` = 5 ORDER BY listorder desc ,id desc LIMIT 2   [ RunTime:0.0006s ]
SQL: SELECT * FROM `cms_news` WHERE `status` = 1 ORDER BY count desc,news_id desc  LIMIT 10   [ RunTime:0.0004s ]
INFO: [ view_parse ] --START--
INFO: [ template_filter ] --START--
INFO: Run Behavior\ContentReplaceBehavior [ RunTime:0.000028s ]
INFO: [ template_filter ] --END-- [ RunTime:0.000089s ]
NOTIC: [2048] Declaration of Common\Model\BasicModel::save() should be compatible with Think\Model::save($data = '', $options = Array) /data/singcms/Application/Common/Model/BasicModel.class.php 第 30 行.
NOTIC: [2048] Declaration of Common\Model\BasicModel::select() should be compatible with Think\Model::select($options = Array) /data/singcms/Application/Common/Model/BasicModel.class.php 第 30 行.
NOTIC: [2048] Declaration of Common\Model\MenuModel::find() should be compatible with Think\Model::find($options = Array) /data/singcms/Application/Common/Model/MenuModel.class.php 第 92 行.
SQL: SHOW COLUMNS FROM `cms_menu` [ RunTime:0.0025s ]
SQL: SELECT * FROM `cms_menu` WHERE `status` = 1 AND `type` = 0 ORDER BY listorder desc,menu_id desc  [ RunTime:0.0004s ]
NOTIC: [8] Undefined index: name /data/singcms/Application/Runtime/Cache/Home/0d75cb75cd30b13fdd4834afd69acb19.php 第 59 行.
NOTIC: [8] Undefined index: name /data/singcms/Application/Runtime/Cache/Home/0d75cb75cd30b13fdd4834afd69acb19.php 第 59 行.
INFO: Run Behavior\ParseTemplateBehavior [ RunTime:0.016333s ]
INFO: [ view_parse ] --END-- [ RunTime:0.016365s ]
INFO: [ view_filter ] --START--
INFO: Run Behavior\WriteHtmlCacheBehavior [ RunTime:0.000125s ]
INFO: [ view_filter ] --END-- [ RunTime:0.000149s ]
INFO: [ app_end ] --START--
INFO: Run Behavior\ShowPageTraceBehavior [ RunTime:0.000411s ]
INFO: [ app_end ] --END-- [ RunTime:0.000501s ]

[ 2016-04-12T08:58:37+08:00 ] 127.0.0.1 /index.php?c=detail&id=s24sss
INFO: [ app_init ] --START--
INFO: Run Behavior\BuildLiteBehavior [ RunTime:0.000010s ]
INFO: [ app_init ] --END-- [ RunTime:0.000230s ]
INFO: [ app_begin ] --START--
INFO: Run Behavior\ReadHtmlCacheBehavior [ RunTime:0.000226s ]
INFO: [ app_begin ] --END-- [ RunTime:0.000252s ]
NOTIC: [2048] Declaration of Home\Controller\CommonController::error() should be compatible with Think\Controller::error($message = '', $jumpUrl = '', $ajax = false) /data/singcms/Application/Home/Controller/CommonController.class.php 第 24 行.
INFO: [ view_parse ] --START--
INFO: [ template_filter ] --START--
INFO: Run Behavior\ContentReplaceBehavior [ RunTime:0.000021s ]
INFO: [ template_filter ] --END-- [ RunTime:0.000055s ]
NOTIC: [2048] Declaration of Common\Model\BasicModel::save() should be compatible with Think\Model::save($data = '', $options = Array) /data/singcms/Application/Common/Model/BasicModel.class.php 第 9 行.
NOTIC: [2048] Declaration of Common\Model\BasicModel::select() should be compatible with Think\Model::select($options = Array) /data/singcms/Application/Common/Model/BasicModel.class.php 第 9 行.
NOTIC: [2048] Declaration of Common\Model\MenuModel::find() should be compatible with Think\Model::find($options = Array) /data/singcms/Application/Common/Model/MenuModel.class.php 第 92 行.
SQL: SHOW COLUMNS FROM `cms_menu` [ RunTime:0.0022s ]
SQL: SELECT * FROM `cms_menu` WHERE `status` = 1 AND `type` = 0 ORDER BY listorder desc,menu_id desc  [ RunTime:0.0003s ]
NOTIC: [8] Undefined variable: result /data/singcms/Application/Runtime/Cache/Home/9e03bccc44c1f457e70232be6abc4e68.php 第 22 行.
NOTIC: [8] Undefined variable: result /data/singcms/Application/Runtime/Cache/Home/9e03bccc44c1f457e70232be6abc4e68.php 第 23 行.
NOTIC: [8] Undefined variable: result /data/singcms/Application/Runtime/Cache/Home/9e03bccc44c1f457e70232be6abc4e68.php 第 23 行.
NOTIC: [8] Undefined variable: result /data/singcms/Application/Runtime/Cache/Home/9e03bccc44c1f457e70232be6abc4e68.php 第 23 行.
INFO: Run Behavior\ParseTemplateBehavior [ RunTime:0.022010s ]
INFO: [ view_parse ] --END-- [ RunTime:0.022035s ]
INFO: [ view_filter ] --START--
INFO: Run Behavior\WriteHtmlCacheBehavior [ RunTime:0.000141s ]
INFO: [ view_filter ] --END-- [ RunTime:0.000161s ]
INFO: [ app_end ] --START--
INFO: Run Behavior\ShowPageTraceBehavior [ RunTime:0.000248s ]
INFO: [ app_end ] --END-- [ RunTime:0.000270s ]

[ 2016-04-12T08:58:41+08:00 ] 127.0.0.1 /index.php?c=index&a=getCount
INFO: [ app_init ] --START--
INFO: Run Behavior\BuildLiteBehavior [ RunTime:0.000009s ]
INFO: [ app_init ] --END-- [ RunTime:0.000182s ]
INFO: [ app_begin ] --START--
INFO: Run Behavior\ReadHtmlCacheBehavior [ RunTime:0.000222s ]
INFO: [ app_begin ] --END-- [ RunTime:0.000247s ]
NOTIC: [2048] Declaration of Home\Controller\CommonController::error() should be compatible with Think\Controller::error($message = '', $jumpUrl = '', $ajax = false) /data/singcms/Application/Home/Controller/CommonController.class.php 第 24 行.
NOTIC: [2048] Declaration of Common\Model\NewsModel::find() should be compatible with Think\Model::find($options = Array) /data/singcms/Application/Common/Model/NewsModel.class.php 第 9 行.
SQL: SHOW COLUMNS FROM `cms_news` [ RunTime:0.0035s ]
SQL: SELECT * FROM `cms_news` WHERE `news_id` IN ('24','23','22','21')  [ RunTime:0.0007s ]

[ 2016-04-12T09:11:46+08:00 ] 127.0.0.1 /index.php?c=index&a=getCount
INFO: [ app_init ] --START--
INFO: Run Behavior\BuildLiteBehavior [ RunTime:0.000023s ]
INFO: [ app_init ] --END-- [ RunTime:0.000435s ]
INFO: [ app_begin ] --START--
INFO: Run Behavior\ReadHtmlCacheBehavior [ RunTime:0.000713s ]
INFO: [ app_begin ] --END-- [ RunTime:0.000843s ]
NOTIC: [2048] Declaration of Home\Controller\CommonController::error() should be compatible with Think\Controller::error($message = '', $jumpUrl = '', $ajax = false) /data/singcms/Application/Home/Controller/CommonController.class.php 第 24 行.
NOTIC: [2048] Declaration of Common\Model\NewsModel::find() should be compatible with Think\Model::find($options = Array) /data/singcms/Application/Common/Model/NewsModel.class.php 第 9 行.
SQL: SHOW COLUMNS FROM `cms_news` [ RunTime:0.0065s ]
SQL: SELECT * FROM `cms_news` WHERE `news_id` IN ('24','23','22','21')  [ RunTime:0.0007s ]

[ 2016-04-12T09:11:59+08:00 ] 127.0.0.1 /index.php?c=cat&id=3
INFO: [ app_init ] --START--
INFO: Run Behavior\BuildLiteBehavior [ RunTime:0.000032s ]
INFO: [ app_init ] --END-- [ RunTime:0.000692s ]
INFO: [ app_begin ] --START--
INFO: Run Behavior\ReadHtmlCacheBehavior [ RunTime:0.000761s ]
INFO: [ app_begin ] --END-- [ RunTime:0.000844s ]
NOTIC: [2048] Declaration of Home\Controller\CommonController::error() should be compatible with Think\Controller::error($message = '', $jumpUrl = '', $ajax = false) /data/singcms/Application/Home/Controller/CommonController.class.php 第 24 行.
NOTIC: [2048] Declaration of Common\Model\MenuModel::find() should be compatible with Think\Model::find($options = Array) /data/singcms/Application/Common/Model/MenuModel.class.php 第 5 行.
SQL: SHOW COLUMNS FROM `cms_menu` [ RunTime:0.0020s ]
SQL: SELECT * FROM `cms_menu` WHERE ( menu_id=3 ) LIMIT 1   [ RunTime:0.0015s ]
NOTIC: [2048] Declaration of Common\Model\PositionContentModel::find() should be compatible with Think\Model::find($options = Array) /data/singcms/Application/Common/Model/PositionContentModel.class.php 第 89 行.
SQL: SHOW COLUMNS FROM `cms_position_content` [ RunTime:0.0020s ]
NOTIC: [8] Undefined index: title /data/singcms/Application/Common/Model/PositionContentModel.class.php 第 18 行.
SQL: SELECT * FROM `cms_position_content` WHERE `status` = 1 AND `position_id` = 5 ORDER BY listorder desc ,id desc LIMIT 2   [ RunTime:0.0016s ]
NOTIC: [2048] Declaration of Common\Model\NewsModel::find() should be compatible with Think\Model::find($options = Array) /data/singcms/Application/Common/Model/NewsModel.class.php 第 145 行.
SQL: SHOW COLUMNS FROM `cms_news` [ RunTime:0.0038s ]
SQL: SELECT * FROM `cms_news` WHERE `status` = 1 ORDER BY count desc,news_id desc  LIMIT 10   [ RunTime:0.0005s ]
NOTIC: [8] Undefined index: p /data/singcms/Application/Home/Controller/CatController.class.php 第 18 行.
SQL: SELECT * FROM `cms_news` WHERE `status` <> -1 AND `thumb` <> '' AND `catid` = 3 ORDER BY listorder desc ,news_id desc LIMIT 0,20   [ RunTime:0.0013s ]
SQL: SELECT COUNT(*) AS tp_count FROM `cms_news` WHERE `status` <> -1 AND `thumb` <> '' AND `catid` = 3 LIMIT 1   [ RunTime:0.0002s ]
INFO: [ view_parse ] --START--
INFO: [ template_filter ] --START--
INFO: Run Behavior\ContentReplaceBehavior [ RunTime:0.000033s ]
INFO: [ template_filter ] --END-- [ RunTime:0.000069s ]
NOTIC: [2048] Declaration of Common\Model\BasicModel::save() should be compatible with Think\Model::save($data = '', $options = Array) /data/singcms/Application/Common/Model/BasicModel.class.php 第 30 行.
NOTIC: [2048] Declaration of Common\Model\BasicModel::select() should be compatible with Think\Model::select($options = Array) /data/singcms/Application/Common/Model/BasicModel.class.php 第 30 行.
SQL: SELECT * FROM `cms_menu` WHERE `status` = 1 AND `type` = 0 ORDER BY listorder desc,menu_id desc  [ RunTime:0.0005s ]
NOTIC: [8] Undefined index: name /data/singcms/Application/Runtime/Cache/Home/14fcc139096cfd1d2075eb8db7e60b1e.php 第 71 行.
NOTIC: [8] Undefined index: name /data/singcms/Application/Runtime/Cache/Home/14fcc139096cfd1d2075eb8db7e60b1e.php 第 71 行.
INFO: Run Behavior\ParseTemplateBehavior [ RunTime:0.026279s ]
INFO: [ view_parse ] --END-- [ RunTime:0.026353s ]
INFO: [ view_filter ] --START--
INFO: Run Behavior\WriteHtmlCacheBehavior [ RunTime:0.000620s ]
INFO: [ view_filter ] --END-- [ RunTime:0.000701s ]
INFO: [ app_end ] --START--
INFO: Run Behavior\ShowPageTraceBehavior [ RunTime:0.000820s ]
INFO: [ app_end ] --END-- [ RunTime:0.000945s ]

[ 2016-04-12T09:12:02+08:00 ] 127.0.0.1 /index.php?c=detail&id=23
INFO: [ app_init ] --START--
INFO: Run Behavior\BuildLiteBehavior [ RunTime:0.000026s ]
INFO: [ app_init ] --END-- [ RunTime:0.000557s ]
INFO: [ app_begin ] --START--
INFO: Run Behavior\ReadHtmlCacheBehavior [ RunTime:0.000329s ]
INFO: [ app_begin ] --END-- [ RunTime:0.000381s ]
NOTIC: [2048] Declaration of Home\Controller\CommonController::error() should be compatible with Think\Controller::error($message = '', $jumpUrl = '', $ajax = false) /data/singcms/Application/Home/Controller/CommonController.class.php 第 24 行.
NOTIC: [2048] Declaration of Common\Model\NewsModel::find() should be compatible with Think\Model::find($options = Array) /data/singcms/Application/Common/Model/NewsModel.class.php 第 9 行.
SQL: SHOW COLUMNS FROM `cms_news` [ RunTime:0.0038s ]
SQL: SELECT * FROM `cms_news` WHERE ( news_id=23 ) LIMIT 1   [ RunTime:0.0004s ]
SQL: UPDATE `cms_news` SET `count`='22' WHERE ( news_id=23 ) [ RunTime:0.0006s ]
NOTIC: [2048] Declaration of Common\Model\NewsContentModel::find() should be compatible with Think\Model::find($options = Array) /data/singcms/Application/Common/Model/NewsContentModel.class.php 第 46 行.
SQL: SHOW COLUMNS FROM `cms_news_content` [ RunTime:0.0041s ]
SQL: SELECT * FROM `cms_news_content` WHERE ( news_id=23 ) LIMIT 1   [ RunTime:0.0018s ]
NOTIC: [2048] Declaration of Common\Model\PositionContentModel::find() should be compatible with Think\Model::find($options = Array) /data/singcms/Application/Common/Model/PositionContentModel.class.php 第 89 行.
SQL: SHOW COLUMNS FROM `cms_position_content` [ RunTime:0.0038s ]
NOTIC: [8] Undefined index: title /data/singcms/Application/Common/Model/PositionContentModel.class.php 第 18 行.
SQL: SELECT * FROM `cms_position_content` WHERE `status` = 1 AND `position_id` = 5 ORDER BY listorder desc ,id desc LIMIT 2   [ RunTime:0.0008s ]
SQL: SELECT * FROM `cms_news` WHERE `status` = 1 ORDER BY count desc,news_id desc  LIMIT 10   [ RunTime:0.0009s ]
INFO: [ view_parse ] --START--
INFO: [ template_filter ] --START--
INFO: Run Behavior\ContentReplaceBehavior [ RunTime:0.000029s ]
INFO: [ template_filter ] --END-- [ RunTime:0.000069s ]
NOTIC: [2048] Declaration of Common\Model\BasicModel::save() should be compatible with Think\Model::save($data = '', $options = Array) /data/singcms/Application/Common/Model/BasicModel.class.php 第 30 行.
NOTIC: [2048] Declaration of Common\Model\BasicModel::select() should be compatible with Think\Model::select($options = Array) /data/singcms/Application/Common/Model/BasicModel.class.php 第 30 行.
NOTIC: [2048] Declaration of Common\Model\MenuModel::find() should be compatible with Think\Model::find($options = Array) /data/singcms/Application/Common/Model/MenuModel.class.php 第 92 行.
SQL: SHOW COLUMNS FROM `cms_menu` [ RunTime:0.0040s ]
SQL: SELECT * FROM `cms_menu` WHERE `status` = 1 AND `type` = 0 ORDER BY listorder desc,menu_id desc  [ RunTime:0.0006s ]
NOTIC: [8] Undefined index: name /data/singcms/Application/Runtime/Cache/Home/0d75cb75cd30b13fdd4834afd69acb19.php 第 59 行.
NOTIC: [8] Undefined index: name /data/singcms/Application/Runtime/Cache/Home/0d75cb75cd30b13fdd4834afd69acb19.php 第 59 行.
INFO: Run Behavior\ParseTemplateBehavior [ RunTime:0.030152s ]
INFO: [ view_parse ] --END-- [ RunTime:0.030188s ]
INFO: [ view_filter ] --START--
INFO: Run Behavior\WriteHtmlCacheBehavior [ RunTime:0.000161s ]
INFO: [ view_filter ] --END-- [ RunTime:0.000191s ]
INFO: [ app_end ] --START--
INFO: Run Behavior\ShowPageTraceBehavior [ RunTime:0.000301s ]
INFO: [ app_end ] --END-- [ RunTime:0.000344s ]

[ 2016-04-12T09:12:12+08:00 ] 127.0.0.1 /index.php?c=detail&id=2333333
INFO: [ app_init ] --START--
INFO: Run Behavior\BuildLiteBehavior [ RunTime:0.000015s ]
INFO: [ app_init ] --END-- [ RunTime:0.000247s ]
INFO: [ app_begin ] --START--
INFO: Run Behavior\ReadHtmlCacheBehavior [ RunTime:0.001213s ]
INFO: [ app_begin ] --END-- [ RunTime:0.001344s ]
NOTIC: [2048] Declaration of Home\Controller\CommonController::error() should be compatible with Think\Controller::error($message = '', $jumpUrl = '', $ajax = false) /data/singcms/Application/Home/Controller/CommonController.class.php 第 24 行.
NOTIC: [2048] Declaration of Common\Model\NewsModel::find() should be compatible with Think\Model::find($options = Array) /data/singcms/Application/Common/Model/NewsModel.class.php 第 9 行.
SQL: SHOW COLUMNS FROM `cms_news` [ RunTime:0.0042s ]
SQL: SELECT * FROM `cms_news` WHERE ( news_id=2333333 ) LIMIT 1   [ RunTime:0.0003s ]
INFO: [ view_parse ] --START--
INFO: [ template_filter ] --START--
INFO: Run Behavior\ContentReplaceBehavior [ RunTime:0.000042s ]
INFO: [ template_filter ] --END-- [ RunTime:0.000114s ]
NOTIC: [2048] Declaration of Common\Model\BasicModel::save() should be compatible with Think\Model::save($data = '', $options = Array) /data/singcms/Application/Common/Model/BasicModel.class.php 第 30 行.
NOTIC: [2048] Declaration of Common\Model\BasicModel::select() should be compatible with Think\Model::select($options = Array) /data/singcms/Application/Common/Model/BasicModel.class.php 第 30 行.
NOTIC: [2048] Declaration of Common\Model\MenuModel::find() should be compatible with Think\Model::find($options = Array) /data/singcms/Application/Common/Model/MenuModel.class.php 第 92 行.
SQL: SHOW COLUMNS FROM `cms_menu` [ RunTime:0.0024s ]
SQL: SELECT * FROM `cms_menu` WHERE `status` = 1 AND `type` = 0 ORDER BY listorder desc,menu_id desc  [ RunTime:0.0005s ]
NOTIC: [8] Undefined variable: result /data/singcms/Application/Runtime/Cache/Home/9e03bccc44c1f457e70232be6abc4e68.php 第 22 行.
NOTIC: [8] Undefined variable: result /data/singcms/Application/Runtime/Cache/Home/9e03bccc44c1f457e70232be6abc4e68.php 第 23 行.
NOTIC: [8] Undefined variable: result /data/singcms/Application/Runtime/Cache/Home/9e03bccc44c1f457e70232be6abc4e68.php 第 23 行.
NOTIC: [8] Undefined variable: result /data/singcms/Application/Runtime/Cache/Home/9e03bccc44c1f457e70232be6abc4e68.php 第 23 行.
INFO: Run Behavior\ParseTemplateBehavior [ RunTime:0.021976s ]
INFO: [ view_parse ] --END-- [ RunTime:0.022021s ]
INFO: [ view_filter ] --START--
INFO: Run Behavior\WriteHtmlCacheBehavior [ RunTime:0.000541s ]
INFO: [ view_filter ] --END-- [ RunTime:0.000685s ]
INFO: [ app_end ] --START--
INFO: Run Behavior\ShowPageTraceBehavior [ RunTime:0.000848s ]
INFO: [ app_end ] --END-- [ RunTime:0.000940s ]

[ 2016-04-12T09:12:17+08:00 ] 127.0.0.1 /index.php?c=index&a=getCount
INFO: [ app_init ] --START--
INFO: Run Behavior\BuildLiteBehavior [ RunTime:0.000016s ]
INFO: [ app_init ] --END-- [ RunTime:0.000230s ]
INFO: [ app_begin ] --START--
INFO: Run Behavior\ReadHtmlCacheBehavior [ RunTime:0.000359s ]
INFO: [ app_begin ] --END-- [ RunTime:0.000412s ]
NOTIC: [2048] Declaration of Home\Controller\CommonController::error() should be compatible with Think\Controller::error($message = '', $jumpUrl = '', $ajax = false) /data/singcms/Application/Home/Controller/CommonController.class.php 第 24 行.
NOTIC: [2048] Declaration of Common\Model\NewsModel::find() should be compatible with Think\Model::find($options = Array) /data/singcms/Application/Common/Model/NewsModel.class.php 第 9 行.
SQL: SHOW COLUMNS FROM `cms_news` [ RunTime:0.0086s ]
SQL: SELECT * FROM `cms_news` WHERE `news_id` IN ('24','23','22','21')  [ RunTime:0.0010s ]

[ 2016-04-12T09:12:56+08:00 ] 127.0.0.1 /index.php?c=index&a=getCount
INFO: [ app_init ] --START--
INFO: Run Behavior\BuildLiteBehavior [ RunTime:0.000008s ]
INFO: [ app_init ] --END-- [ RunTime:0.000177s ]
INFO: [ app_begin ] --START--
INFO: Run Behavior\ReadHtmlCacheBehavior [ RunTime:0.000339s ]
INFO: [ app_begin ] --END-- [ RunTime:0.000380s ]
NOTIC: [2048] Declaration of Home\Controller\CommonController::error() should be compatible with Think\Controller::error($message = '', $jumpUrl = '', $ajax = false) /data/singcms/Application/Home/Controller/CommonController.class.php 第 24 行.
NOTIC: [2048] Declaration of Common\Model\NewsModel::find() should be compatible with Think\Model::find($options = Array) /data/singcms/Application/Common/Model/NewsModel.class.php 第 9 行.
SQL: SHOW COLUMNS FROM `cms_news` [ RunTime:0.0017s ]
SQL: SELECT * FROM `cms_news` WHERE `news_id` IN ('24','23','22','21')  [ RunTime:0.0003s ]

[ 2016-04-12T09:19:31+08:00 ] 127.0.0.1 /index.php?c=index&a=getCount
INFO: [ app_init ] --START--
INFO: Run Behavior\BuildLiteBehavior [ RunTime:0.000008s ]
INFO: [ app_init ] --END-- [ RunTime:0.000171s ]
INFO: [ app_begin ] --START--
INFO: Run Behavior\ReadHtmlCacheBehavior [ RunTime:0.000247s ]
INFO: [ app_begin ] --END-- [ RunTime:0.000281s ]
NOTIC: [2048] Declaration of Home\Controller\CommonController::error() should be compatible with Think\Controller::error($message = '', $jumpUrl = '', $ajax = false) /data/singcms/Application/Home/Controller/CommonController.class.php 第 24 行.
NOTIC: [2048] Declaration of Common\Model\NewsModel::find() should be compatible with Think\Model::find($options = Array) /data/singcms/Application/Common/Model/NewsModel.class.php 第 9 行.
SQL: SHOW COLUMNS FROM `cms_news` [ RunTime:0.0020s ]
SQL: SELECT * FROM `cms_news` WHERE `news_id` IN ('24','23','22','21')  [ RunTime:0.0016s ]

