[ 2016-02-29T00:04:46+08:00 ] 127.0.0.1 /admin.php?c=content
INFO: [ app_init ] --START--
INFO: Run Behavior\BuildLiteBehavior [ RunTime:0.000010s ]
INFO: [ app_init ] --END-- [ RunTime:0.000220s ]
INFO: [ app_begin ] --START--
INFO: Run Behavior\ReadHtmlCacheBehavior [ RunTime:0.001634s ]
INFO: [ app_begin ] --END-- [ RunTime:0.001685s ]
NOTIC: [8] Undefined index: title /data/singcms/Application/Admin/Controller/ContentController.class.php 第 16 行.
NOTIC: [8] Undefined index: catid /data/singcms/Application/Admin/Controller/ContentController.class.php 第 20 行.
NOTIC: [8] Undefined index: p /data/singcms/Application/Admin/Controller/ContentController.class.php 第 24 行.
NOTIC: [2048] Declaration of Common\Model\NewsModel::find() should be compatible with Think\Model::find($options = Array) /data/singcms/Application/Common/Model/NewsModel.class.php 第 9 行.
SQL: SHOW COLUMNS FROM `cms_news` [ RunTime:0.0023s ]
SQL: SELECT * FROM `cms_news` WHERE `status` <> -1 ORDER BY listorder desc ,news_id desc LIMIT 0,10   [ RunTime:0.0003s ]
SQL: SELECT COUNT(*) AS tp_count FROM `cms_news` WHERE `status` <> -1 LIMIT 1   [ RunTime:0.0002s ]
NOTIC: [2048] Declaration of Common\Model\MenuModel::find() should be compatible with Think\Model::find($options = Array) /data/singcms/Application/Common/Model/MenuModel.class.php 第 92 行.
SQL: SHOW COLUMNS FROM `cms_menu` [ RunTime:0.0026s ]
SQL: SELECT * FROM `cms_menu` WHERE `status` <> -1 AND `type` = 0 ORDER BY listorder desc,menu_id desc  [ RunTime:0.0004s ]
INFO: [ view_parse ] --START--
INFO: [ template_filter ] --START--
INFO: Run Behavior\ContentReplaceBehavior [ RunTime:0.000034s ]
INFO: [ template_filter ] --END-- [ RunTime:0.000070s ]
SQL: SELECT * FROM `cms_menu` WHERE `status` <> -1 AND `type` = 1 ORDER BY listorder desc,menu_id desc  [ RunTime:0.0003s ]
NOTIC: [8] Undefined index: a /data/singcms/Application/Common/Common/function.php 第 33 行.
NOTIC: [8] Undefined index: a /data/singcms/Application/Common/Common/function.php 第 33 行.
NOTIC: [8] Undefined index: a /data/singcms/Application/Common/Common/function.php 第 33 行.
NOTIC: [8] Undefined index: a /data/singcms/Application/Common/Common/function.php 第 33 行.
INFO: Run Behavior\ParseTemplateBehavior [ RunTime:0.034163s ]
INFO: [ view_parse ] --END-- [ RunTime:0.034199s ]
INFO: [ view_filter ] --START--
INFO: Run Behavior\WriteHtmlCacheBehavior [ RunTime:0.000441s ]
INFO: [ view_filter ] --END-- [ RunTime:0.000472s ]
INFO: [ app_end ] --START--
INFO: Run Behavior\ShowPageTraceBehavior [ RunTime:0.000819s ]
INFO: [ app_end ] --END-- [ RunTime:0.000861s ]

[ 2016-02-29T00:04:47+08:00 ] 127.0.0.1 /admin.php?c=content
INFO: [ app_init ] --START--
INFO: Run Behavior\BuildLiteBehavior [ RunTime:0.000007s ]
INFO: [ app_init ] --END-- [ RunTime:0.000171s ]
INFO: [ app_begin ] --START--
INFO: Run Behavior\ReadHtmlCacheBehavior [ RunTime:0.000213s ]
INFO: [ app_begin ] --END-- [ RunTime:0.000240s ]
NOTIC: [8] Undefined index: title /data/singcms/Application/Admin/Controller/ContentController.class.php 第 16 行.
NOTIC: [8] Undefined index: catid /data/singcms/Application/Admin/Controller/ContentController.class.php 第 20 行.
NOTIC: [8] Undefined index: p /data/singcms/Application/Admin/Controller/ContentController.class.php 第 24 行.
NOTIC: [2048] Declaration of Common\Model\NewsModel::find() should be compatible with Think\Model::find($options = Array) /data/singcms/Application/Common/Model/NewsModel.class.php 第 9 行.
SQL: SHOW COLUMNS FROM `cms_news` [ RunTime:0.0022s ]
SQL: SELECT * FROM `cms_news` WHERE `status` <> -1 ORDER BY listorder desc ,news_id desc LIMIT 0,10   [ RunTime:0.0003s ]
SQL: SELECT COUNT(*) AS tp_count FROM `cms_news` WHERE `status` <> -1 LIMIT 1   [ RunTime:0.0002s ]
NOTIC: [2048] Declaration of Common\Model\MenuModel::find() should be compatible with Think\Model::find($options = Array) /data/singcms/Application/Common/Model/MenuModel.class.php 第 92 行.
SQL: SHOW COLUMNS FROM `cms_menu` [ RunTime:0.0022s ]
SQL: SELECT * FROM `cms_menu` WHERE `status` <> -1 AND `type` = 0 ORDER BY listorder desc,menu_id desc  [ RunTime:0.0003s ]
INFO: [ view_parse ] --START--
INFO: [ template_filter ] --START--
INFO: Run Behavior\ContentReplaceBehavior [ RunTime:0.000052s ]
INFO: [ template_filter ] --END-- [ RunTime:0.000106s ]
SQL: SELECT * FROM `cms_menu` WHERE `status` <> -1 AND `type` = 1 ORDER BY listorder desc,menu_id desc  [ RunTime:0.0005s ]
NOTIC: [8] Undefined index: a /data/singcms/Application/Common/Common/function.php 第 33 行.
NOTIC: [8] Undefined index: a /data/singcms/Application/Common/Common/function.php 第 33 行.
NOTIC: [8] Undefined index: a /data/singcms/Application/Common/Common/function.php 第 33 行.
NOTIC: [8] Undefined index: a /data/singcms/Application/Common/Common/function.php 第 33 行.
INFO: Run Behavior\ParseTemplateBehavior [ RunTime:0.015748s ]
INFO: [ view_parse ] --END-- [ RunTime:0.015811s ]
INFO: [ view_filter ] --START--
INFO: Run Behavior\WriteHtmlCacheBehavior [ RunTime:0.000173s ]
INFO: [ view_filter ] --END-- [ RunTime:0.000200s ]
INFO: [ app_end ] --START--
INFO: Run Behavior\ShowPageTraceBehavior [ RunTime:0.000484s ]
INFO: [ app_end ] --END-- [ RunTime:0.000558s ]

[ 2016-02-29T00:04:47+08:00 ] 127.0.0.1 /admin.php?c=content
INFO: [ app_init ] --START--
INFO: Run Behavior\BuildLiteBehavior [ RunTime:0.000018s ]
INFO: [ app_init ] --END-- [ RunTime:0.000333s ]
INFO: [ app_begin ] --START--
INFO: Run Behavior\ReadHtmlCacheBehavior [ RunTime:0.000429s ]
INFO: [ app_begin ] --END-- [ RunTime:0.000499s ]
NOTIC: [8] Undefined index: title /data/singcms/Application/Admin/Controller/ContentController.class.php 第 16 行.
NOTIC: [8] Undefined index: catid /data/singcms/Application/Admin/Controller/ContentController.class.php 第 20 行.
NOTIC: [8] Undefined index: p /data/singcms/Application/Admin/Controller/ContentController.class.php 第 24 行.
NOTIC: [2048] Declaration of Common\Model\NewsModel::find() should be compatible with Think\Model::find($options = Array) /data/singcms/Application/Common/Model/NewsModel.class.php 第 9 行.
SQL: SHOW COLUMNS FROM `cms_news` [ RunTime:0.0029s ]
SQL: SELECT * FROM `cms_news` WHERE `status` <> -1 ORDER BY listorder desc ,news_id desc LIMIT 0,10   [ RunTime:0.0003s ]
SQL: SELECT COUNT(*) AS tp_count FROM `cms_news` WHERE `status` <> -1 LIMIT 1   [ RunTime:0.0002s ]
NOTIC: [2048] Declaration of Common\Model\MenuModel::find() should be compatible with Think\Model::find($options = Array) /data/singcms/Application/Common/Model/MenuModel.class.php 第 92 行.
SQL: SHOW COLUMNS FROM `cms_menu` [ RunTime:0.0021s ]
SQL: SELECT * FROM `cms_menu` WHERE `status` <> -1 AND `type` = 0 ORDER BY listorder desc,menu_id desc  [ RunTime:0.0003s ]
INFO: [ view_parse ] --START--
INFO: [ template_filter ] --START--
INFO: Run Behavior\ContentReplaceBehavior [ RunTime:0.000036s ]
INFO: [ template_filter ] --END-- [ RunTime:0.000114s ]
SQL: SELECT * FROM `cms_menu` WHERE `status` <> -1 AND `type` = 1 ORDER BY listorder desc,menu_id desc  [ RunTime:0.0004s ]
NOTIC: [8] Undefined index: a /data/singcms/Application/Common/Common/function.php 第 33 行.
NOTIC: [8] Undefined index: a /data/singcms/Application/Common/Common/function.php 第 33 行.
NOTIC: [8] Undefined index: a /data/singcms/Application/Common/Common/function.php 第 33 行.
NOTIC: [8] Undefined index: a /data/singcms/Application/Common/Common/function.php 第 33 行.
INFO: Run Behavior\ParseTemplateBehavior [ RunTime:0.024631s ]
INFO: [ view_parse ] --END-- [ RunTime:0.024660s ]
INFO: [ view_filter ] --START--
INFO: Run Behavior\WriteHtmlCacheBehavior [ RunTime:0.000125s ]
INFO: [ view_filter ] --END-- [ RunTime:0.000148s ]
INFO: [ app_end ] --START--
INFO: Run Behavior\ShowPageTraceBehavior [ RunTime:0.000325s ]
INFO: [ app_end ] --END-- [ RunTime:0.000359s ]

[ 2016-02-29T00:05:57+08:00 ] 127.0.0.1 /admin.php?c=content
INFO: [ app_init ] --START--
INFO: Run Behavior\BuildLiteBehavior [ RunTime:0.000008s ]
INFO: [ app_init ] --END-- [ RunTime:0.000171s ]
INFO: [ app_begin ] --START--
INFO: Run Behavior\ReadHtmlCacheBehavior [ RunTime:0.000217s ]
INFO: [ app_begin ] --END-- [ RunTime:0.000243s ]
NOTIC: [8] Undefined index: title /data/singcms/Application/Admin/Controller/ContentController.class.php 第 16 行.
NOTIC: [8] Undefined index: catid /data/singcms/Application/Admin/Controller/ContentController.class.php 第 20 行.
NOTIC: [8] Undefined index: p /data/singcms/Application/Admin/Controller/ContentController.class.php 第 24 行.
NOTIC: [2048] Declaration of Common\Model\NewsModel::find() should be compatible with Think\Model::find($options = Array) /data/singcms/Application/Common/Model/NewsModel.class.php 第 9 行.
SQL: SHOW COLUMNS FROM `cms_news` [ RunTime:0.0025s ]
SQL: SELECT * FROM `cms_news` WHERE `status` <> -1 ORDER BY listorder desc ,news_id desc LIMIT 0,10   [ RunTime:0.0003s ]
SQL: SELECT COUNT(*) AS tp_count FROM `cms_news` WHERE `status` <> -1 LIMIT 1   [ RunTime:0.0002s ]
NOTIC: [2048] Declaration of Common\Model\MenuModel::find() should be compatible with Think\Model::find($options = Array) /data/singcms/Application/Common/Model/MenuModel.class.php 第 92 行.
SQL: SHOW COLUMNS FROM `cms_menu` [ RunTime:0.0023s ]
SQL: SELECT * FROM `cms_menu` WHERE `status` <> -1 AND `type` = 0 ORDER BY listorder desc,menu_id desc  [ RunTime:0.0003s ]
INFO: [ view_parse ] --START--
INFO: [ template_filter ] --START--
INFO: Run Behavior\ContentReplaceBehavior [ RunTime:0.000034s ]
INFO: [ template_filter ] --END-- [ RunTime:0.000071s ]
SQL: SELECT * FROM `cms_menu` WHERE `status` <> -1 AND `type` = 1 ORDER BY listorder desc,menu_id desc  [ RunTime:0.0004s ]
NOTIC: [8] Undefined index: a /data/singcms/Application/Common/Common/function.php 第 33 行.
NOTIC: [8] Undefined index: a /data/singcms/Application/Common/Common/function.php 第 33 行.
NOTIC: [8] Undefined index: a /data/singcms/Application/Common/Common/function.php 第 33 行.
NOTIC: [8] Undefined index: a /data/singcms/Application/Common/Common/function.php 第 33 行.
INFO: Run Behavior\ParseTemplateBehavior [ RunTime:0.014293s ]
INFO: [ view_parse ] --END-- [ RunTime:0.014322s ]
INFO: [ view_filter ] --START--
INFO: Run Behavior\WriteHtmlCacheBehavior [ RunTime:0.000139s ]
INFO: [ view_filter ] --END-- [ RunTime:0.000164s ]
INFO: [ app_end ] --START--
INFO: Run Behavior\ShowPageTraceBehavior [ RunTime:0.000343s ]
INFO: [ app_end ] --END-- [ RunTime:0.000374s ]

[ 2016-02-29T00:21:00+08:00 ] 127.0.0.1 /admin.php?c=content
INFO: [ app_init ] --START--
INFO: Run Behavior\BuildLiteBehavior [ RunTime:0.000021s ]
INFO: [ app_init ] --END-- [ RunTime:0.001818s ]
INFO: [ app_begin ] --START--
INFO: Run Behavior\ReadHtmlCacheBehavior [ RunTime:0.001905s ]
INFO: [ app_begin ] --END-- [ RunTime:0.002033s ]
NOTIC: [8] Undefined index: title /data/singcms/Application/Admin/Controller/ContentController.class.php 第 16 行.
NOTIC: [8] Undefined index: catid /data/singcms/Application/Admin/Controller/ContentController.class.php 第 20 行.
NOTIC: [8] Undefined index: p /data/singcms/Application/Admin/Controller/ContentController.class.php 第 24 行.
NOTIC: [2048] Declaration of Common\Model\NewsModel::find() should be compatible with Think\Model::find($options = Array) /data/singcms/Application/Common/Model/NewsModel.class.php 第 9 行.
SQL: SHOW COLUMNS FROM `cms_news` [ RunTime:0.0042s ]
SQL: SELECT * FROM `cms_news` WHERE `status` <> -1 ORDER BY listorder desc ,news_id desc LIMIT 0,10   [ RunTime:0.0025s ]
SQL: SELECT COUNT(*) AS tp_count FROM `cms_news` WHERE `status` <> -1 LIMIT 1   [ RunTime:0.0005s ]
NOTIC: [2048] Declaration of Common\Model\MenuModel::find() should be compatible with Think\Model::find($options = Array) /data/singcms/Application/Common/Model/MenuModel.class.php 第 92 行.
SQL: SHOW COLUMNS FROM `cms_menu` [ RunTime:0.0062s ]
SQL: SELECT * FROM `cms_menu` WHERE `status` <> -1 AND `type` = 0 ORDER BY listorder desc,menu_id desc  [ RunTime:0.0018s ]
INFO: [ view_parse ] --START--
INFO: [ template_filter ] --START--
INFO: Run Behavior\ContentReplaceBehavior [ RunTime:0.000188s ]
INFO: [ template_filter ] --END-- [ RunTime:0.000387s ]
SQL: SELECT * FROM `cms_menu` WHERE `status` <> -1 AND `type` = 1 ORDER BY listorder desc,menu_id desc  [ RunTime:0.0009s ]
NOTIC: [8] Undefined index: a /data/singcms/Application/Common/Common/function.php 第 33 行.
NOTIC: [8] Undefined index: a /data/singcms/Application/Common/Common/function.php 第 33 行.
NOTIC: [8] Undefined index: a /data/singcms/Application/Common/Common/function.php 第 33 行.
NOTIC: [8] Undefined index: a /data/singcms/Application/Common/Common/function.php 第 33 行.
INFO: Run Behavior\ParseTemplateBehavior [ RunTime:0.045644s ]
INFO: [ view_parse ] --END-- [ RunTime:0.045709s ]
INFO: [ view_filter ] --START--
INFO: Run Behavior\WriteHtmlCacheBehavior [ RunTime:0.001795s ]
INFO: [ view_filter ] --END-- [ RunTime:0.001854s ]
INFO: [ app_end ] --START--
INFO: Run Behavior\ShowPageTraceBehavior [ RunTime:0.001809s ]
INFO: [ app_end ] --END-- [ RunTime:0.001879s ]

[ 2016-02-29T00:21:14+08:00 ] 127.0.0.1 /admin.php?c=content&a=listorder
INFO: [ app_init ] --START--
INFO: Run Behavior\BuildLiteBehavior [ RunTime:0.000015s ]
INFO: [ app_init ] --END-- [ RunTime:0.000350s ]
INFO: [ app_begin ] --START--
INFO: Run Behavior\ReadHtmlCacheBehavior [ RunTime:0.000302s ]
INFO: [ app_begin ] --END-- [ RunTime:0.000338s ]

[ 2016-02-29T00:27:54+08:00 ] 127.0.0.1 /admin.php?c=content
INFO: [ app_init ] --START--
INFO: Run Behavior\BuildLiteBehavior [ RunTime:0.000010s ]
INFO: [ app_init ] --END-- [ RunTime:0.000216s ]
INFO: [ app_begin ] --START--
INFO: Run Behavior\ReadHtmlCacheBehavior [ RunTime:0.000395s ]
INFO: [ app_begin ] --END-- [ RunTime:0.000442s ]
NOTIC: [8] Undefined index: title /data/singcms/Application/Admin/Controller/ContentController.class.php 第 16 行.
NOTIC: [8] Undefined index: catid /data/singcms/Application/Admin/Controller/ContentController.class.php 第 20 行.
NOTIC: [8] Undefined index: p /data/singcms/Application/Admin/Controller/ContentController.class.php 第 24 行.
NOTIC: [2048] Declaration of Common\Model\NewsModel::find() should be compatible with Think\Model::find($options = Array) /data/singcms/Application/Common/Model/NewsModel.class.php 第 9 行.
SQL: SHOW COLUMNS FROM `cms_news` [ RunTime:0.0053s ]
SQL: SELECT * FROM `cms_news` WHERE `status` <> -1 ORDER BY listorder desc ,news_id desc LIMIT 0,10   [ RunTime:0.0021s ]
SQL: SELECT COUNT(*) AS tp_count FROM `cms_news` WHERE `status` <> -1 LIMIT 1   [ RunTime:0.0004s ]
NOTIC: [2048] Declaration of Common\Model\MenuModel::find() should be compatible with Think\Model::find($options = Array) /data/singcms/Application/Common/Model/MenuModel.class.php 第 92 行.
SQL: SHOW COLUMNS FROM `cms_menu` [ RunTime:0.0046s ]
SQL: SELECT * FROM `cms_menu` WHERE `status` <> -1 AND `type` = 0 ORDER BY listorder desc,menu_id desc  [ RunTime:0.0019s ]
INFO: [ view_parse ] --START--
INFO: [ template_filter ] --START--
INFO: Run Behavior\ContentReplaceBehavior [ RunTime:0.000076s ]
INFO: [ template_filter ] --END-- [ RunTime:0.000129s ]
SQL: SELECT * FROM `cms_menu` WHERE `status` <> -1 AND `type` = 1 ORDER BY listorder desc,menu_id desc  [ RunTime:0.0010s ]
NOTIC: [8] Undefined index: a /data/singcms/Application/Common/Common/function.php 第 33 行.
NOTIC: [8] Undefined index: a /data/singcms/Application/Common/Common/function.php 第 33 行.
NOTIC: [8] Undefined index: a /data/singcms/Application/Common/Common/function.php 第 33 行.
NOTIC: [8] Undefined index: a /data/singcms/Application/Common/Common/function.php 第 33 行.
INFO: Run Behavior\ParseTemplateBehavior [ RunTime:0.040673s ]
INFO: [ view_parse ] --END-- [ RunTime:0.040773s ]
INFO: [ view_filter ] --START--
INFO: Run Behavior\WriteHtmlCacheBehavior [ RunTime:0.001957s ]
INFO: [ view_filter ] --END-- [ RunTime:0.002041s ]
INFO: [ app_end ] --START--
INFO: Run Behavior\ShowPageTraceBehavior [ RunTime:0.003486s ]
INFO: [ app_end ] --END-- [ RunTime:0.003668s ]

[ 2016-02-29T00:27:55+08:00 ] 127.0.0.1 /admin.php?c=content
INFO: [ app_init ] --START--
INFO: Run Behavior\BuildLiteBehavior [ RunTime:0.000017s ]
INFO: [ app_init ] --END-- [ RunTime:0.000301s ]
INFO: [ app_begin ] --START--
INFO: Run Behavior\ReadHtmlCacheBehavior [ RunTime:0.000552s ]
INFO: [ app_begin ] --END-- [ RunTime:0.000692s ]
NOTIC: [8] Undefined index: title /data/singcms/Application/Admin/Controller/ContentController.class.php 第 16 行.
NOTIC: [8] Undefined index: catid /data/singcms/Application/Admin/Controller/ContentController.class.php 第 20 行.
NOTIC: [8] Undefined index: p /data/singcms/Application/Admin/Controller/ContentController.class.php 第 24 行.
NOTIC: [2048] Declaration of Common\Model\NewsModel::find() should be compatible with Think\Model::find($options = Array) /data/singcms/Application/Common/Model/NewsModel.class.php 第 9 行.
SQL: SHOW COLUMNS FROM `cms_news` [ RunTime:0.0054s ]
SQL: SELECT * FROM `cms_news` WHERE `status` <> -1 ORDER BY listorder desc ,news_id desc LIMIT 0,10   [ RunTime:0.0004s ]
SQL: SELECT COUNT(*) AS tp_count FROM `cms_news` WHERE `status` <> -1 LIMIT 1   [ RunTime:0.0005s ]
NOTIC: [2048] Declaration of Common\Model\MenuModel::find() should be compatible with Think\Model::find($options = Array) /data/singcms/Application/Common/Model/MenuModel.class.php 第 92 行.
SQL: SHOW COLUMNS FROM `cms_menu` [ RunTime:0.0042s ]
SQL: SELECT * FROM `cms_menu` WHERE `status` <> -1 AND `type` = 0 ORDER BY listorder desc,menu_id desc  [ RunTime:0.0008s ]
INFO: [ view_parse ] --START--
INFO: [ template_filter ] --START--
INFO: Run Behavior\ContentReplaceBehavior [ RunTime:0.000041s ]
INFO: [ template_filter ] --END-- [ RunTime:0.000091s ]
SQL: SELECT * FROM `cms_menu` WHERE `status` <> -1 AND `type` = 1 ORDER BY listorder desc,menu_id desc  [ RunTime:0.0005s ]
NOTIC: [8] Undefined index: a /data/singcms/Application/Common/Common/function.php 第 33 行.
NOTIC: [8] Undefined index: a /data/singcms/Application/Common/Common/function.php 第 33 行.
NOTIC: [8] Undefined index: a /data/singcms/Application/Common/Common/function.php 第 33 行.
NOTIC: [8] Undefined index: a /data/singcms/Application/Common/Common/function.php 第 33 行.
INFO: Run Behavior\ParseTemplateBehavior [ RunTime:0.015739s ]
INFO: [ view_parse ] --END-- [ RunTime:0.015784s ]
INFO: [ view_filter ] --START--
INFO: Run Behavior\WriteHtmlCacheBehavior [ RunTime:0.000182s ]
INFO: [ view_filter ] --END-- [ RunTime:0.000210s ]
INFO: [ app_end ] --START--
INFO: Run Behavior\ShowPageTraceBehavior [ RunTime:0.000468s ]
INFO: [ app_end ] --END-- [ RunTime:0.000511s ]

[ 2016-02-29T00:28:01+08:00 ] 127.0.0.1 /admin.php?c=content&a=listorder
INFO: [ app_init ] --START--
INFO: Run Behavior\BuildLiteBehavior [ RunTime:0.000019s ]
INFO: [ app_init ] --END-- [ RunTime:0.000329s ]
INFO: [ app_begin ] --START--
INFO: Run Behavior\ReadHtmlCacheBehavior [ RunTime:0.000629s ]
INFO: [ app_begin ] --END-- [ RunTime:0.000771s ]
NOTIC: [2048] Declaration of Common\Model\NewsModel::find() should be compatible with Think\Model::find($options = Array) /data/singcms/Application/Common/Model/NewsModel.class.php 第 9 行.
SQL: SHOW COLUMNS FROM `cms_news` [ RunTime:0.0068s ]
SQL: UPDATE `cms_news` SET `listorder`='0' WHERE ( news_id=18 ) [ RunTime:0.0011s ]
SQL: UPDATE `cms_news` SET `listorder`='1' WHERE ( news_id=17 ) [ RunTime:0.0021s ]

[ 2016-02-29T00:28:09+08:00 ] 127.0.0.1 /admin.php?c=content
INFO: [ app_init ] --START--
INFO: Run Behavior\BuildLiteBehavior [ RunTime:0.000033s ]
INFO: [ app_init ] --END-- [ RunTime:0.000606s ]
INFO: [ app_begin ] --START--
INFO: Run Behavior\ReadHtmlCacheBehavior [ RunTime:0.000626s ]
INFO: [ app_begin ] --END-- [ RunTime:0.000766s ]
NOTIC: [8] Undefined index: title /data/singcms/Application/Admin/Controller/ContentController.class.php 第 16 行.
NOTIC: [8] Undefined index: catid /data/singcms/Application/Admin/Controller/ContentController.class.php 第 20 行.
NOTIC: [8] Undefined index: p /data/singcms/Application/Admin/Controller/ContentController.class.php 第 24 行.
NOTIC: [2048] Declaration of Common\Model\NewsModel::find() should be compatible with Think\Model::find($options = Array) /data/singcms/Application/Common/Model/NewsModel.class.php 第 9 行.
SQL: SHOW COLUMNS FROM `cms_news` [ RunTime:0.0056s ]
SQL: SELECT * FROM `cms_news` WHERE `status` <> -1 ORDER BY listorder desc ,news_id desc LIMIT 0,10   [ RunTime:0.0014s ]
SQL: SELECT COUNT(*) AS tp_count FROM `cms_news` WHERE `status` <> -1 LIMIT 1   [ RunTime:0.0006s ]
NOTIC: [2048] Declaration of Common\Model\MenuModel::find() should be compatible with Think\Model::find($options = Array) /data/singcms/Application/Common/Model/MenuModel.class.php 第 92 行.
SQL: SHOW COLUMNS FROM `cms_menu` [ RunTime:0.0044s ]
SQL: SELECT * FROM `cms_menu` WHERE `status` <> -1 AND `type` = 0 ORDER BY listorder desc,menu_id desc  [ RunTime:0.0005s ]
INFO: [ view_parse ] --START--
INFO: [ template_filter ] --START--
INFO: Run Behavior\ContentReplaceBehavior [ RunTime:0.000035s ]
INFO: [ template_filter ] --END-- [ RunTime:0.000074s ]
SQL: SELECT * FROM `cms_menu` WHERE `status` <> -1 AND `type` = 1 ORDER BY listorder desc,menu_id desc  [ RunTime:0.0007s ]
NOTIC: [8] Undefined index: a /data/singcms/Application/Common/Common/function.php 第 33 行.
NOTIC: [8] Undefined index: a /data/singcms/Application/Common/Common/function.php 第 33 行.
NOTIC: [8] Undefined index: a /data/singcms/Application/Common/Common/function.php 第 33 行.
NOTIC: [8] Undefined index: a /data/singcms/Application/Common/Common/function.php 第 33 行.
INFO: Run Behavior\ParseTemplateBehavior [ RunTime:0.021505s ]
INFO: [ view_parse ] --END-- [ RunTime:0.021548s ]
INFO: [ view_filter ] --START--
INFO: Run Behavior\WriteHtmlCacheBehavior [ RunTime:0.000450s ]
INFO: [ view_filter ] --END-- [ RunTime:0.000519s ]
INFO: [ app_end ] --START--
INFO: Run Behavior\ShowPageTraceBehavior [ RunTime:0.000743s ]
INFO: [ app_end ] --END-- [ RunTime:0.000865s ]

[ 2016-02-29T00:28:17+08:00 ] 127.0.0.1 /admin.php?c=content&a=listorder
INFO: [ app_init ] --START--
INFO: Run Behavior\BuildLiteBehavior [ RunTime:0.000013s ]
INFO: [ app_init ] --END-- [ RunTime:0.000243s ]
INFO: [ app_begin ] --START--
INFO: Run Behavior\ReadHtmlCacheBehavior [ RunTime:0.000373s ]
INFO: [ app_begin ] --END-- [ RunTime:0.000415s ]
NOTIC: [2048] Declaration of Common\Model\NewsModel::find() should be compatible with Think\Model::find($options = Array) /data/singcms/Application/Common/Model/NewsModel.class.php 第 9 行.
SQL: SHOW COLUMNS FROM `cms_news` [ RunTime:0.0045s ]
SQL: UPDATE `cms_news` SET `listorder`='1' WHERE ( news_id=17 ) [ RunTime:0.0009s ]
SQL: UPDATE `cms_news` SET `listorder`='2' WHERE ( news_id=18 ) [ RunTime:0.0005s ]

[ 2016-02-29T00:28:19+08:00 ] 127.0.0.1 /admin.php?c=content
INFO: [ app_init ] --START--
INFO: Run Behavior\BuildLiteBehavior [ RunTime:0.000024s ]
INFO: [ app_init ] --END-- [ RunTime:0.000574s ]
INFO: [ app_begin ] --START--
INFO: Run Behavior\ReadHtmlCacheBehavior [ RunTime:0.002172s ]
INFO: [ app_begin ] --END-- [ RunTime:0.002310s ]
NOTIC: [8] Undefined index: title /data/singcms/Application/Admin/Controller/ContentController.class.php 第 16 行.
NOTIC: [8] Undefined index: catid /data/singcms/Application/Admin/Controller/ContentController.class.php 第 20 行.
NOTIC: [8] Undefined index: p /data/singcms/Application/Admin/Controller/ContentController.class.php 第 24 行.
NOTIC: [2048] Declaration of Common\Model\NewsModel::find() should be compatible with Think\Model::find($options = Array) /data/singcms/Application/Common/Model/NewsModel.class.php 第 9 行.
SQL: SHOW COLUMNS FROM `cms_news` [ RunTime:0.0021s ]
SQL: SELECT * FROM `cms_news` WHERE `status` <> -1 ORDER BY listorder desc ,news_id desc LIMIT 0,10   [ RunTime:0.0019s ]
SQL: SELECT COUNT(*) AS tp_count FROM `cms_news` WHERE `status` <> -1 LIMIT 1   [ RunTime:0.0010s ]
NOTIC: [2048] Declaration of Common\Model\MenuModel::find() should be compatible with Think\Model::find($options = Array) /data/singcms/Application/Common/Model/MenuModel.class.php 第 92 行.
SQL: SHOW COLUMNS FROM `cms_menu` [ RunTime:0.0030s ]
SQL: SELECT * FROM `cms_menu` WHERE `status` <> -1 AND `type` = 0 ORDER BY listorder desc,menu_id desc  [ RunTime:0.0008s ]
INFO: [ view_parse ] --START--
INFO: [ template_filter ] --START--
INFO: Run Behavior\ContentReplaceBehavior [ RunTime:0.000034s ]
INFO: [ template_filter ] --END-- [ RunTime:0.000073s ]
SQL: SELECT * FROM `cms_menu` WHERE `status` <> -1 AND `type` = 1 ORDER BY listorder desc,menu_id desc  [ RunTime:0.0016s ]
NOTIC: [8] Undefined index: a /data/singcms/Application/Common/Common/function.php 第 33 行.
NOTIC: [8] Undefined index: a /data/singcms/Application/Common/Common/function.php 第 33 行.
NOTIC: [8] Undefined index: a /data/singcms/Application/Common/Common/function.php 第 33 行.
NOTIC: [8] Undefined index: a /data/singcms/Application/Common/Common/function.php 第 33 行.
INFO: Run Behavior\ParseTemplateBehavior [ RunTime:0.020517s ]
INFO: [ view_parse ] --END-- [ RunTime:0.020555s ]
INFO: [ view_filter ] --START--
INFO: Run Behavior\WriteHtmlCacheBehavior [ RunTime:0.000235s ]
INFO: [ view_filter ] --END-- [ RunTime:0.000266s ]
INFO: [ app_end ] --START--
INFO: Run Behavior\ShowPageTraceBehavior [ RunTime:0.000646s ]
INFO: [ app_end ] --END-- [ RunTime:0.000841s ]

